# JRE version: OpenJDK Runtime Environment (8.0_242-b01) (build 1.8.0_242-release-1644-b01)
# Java VM: OpenJDK 64-Bit Server VM (25.242-b01 mixed mode windows-amd64 compressed oops)
Heap:
 PSYoungGen      total 625152K, used 533919K [0x00000000d5580000, 0x00000000ffb80000, 0x0000000100000000)
  eden space 562176K, 92% used [0x00000000d5580000,0x00000000f513f5b0,0x00000000f7a80000)
  from space 62976K, 22% used [0x00000000fbe00000,0x00000000fcba8780,0x00000000ffb80000)
  to   space 66048K, 0% used [0x00000000f7a80000,0x00000000f7a80000,0x00000000fbb00000)
 ParOldGen       total 202752K, used 123426K [0x0000000080000000, 0x000000008c600000, 0x00000000d5580000)
  object space 202752K, 60% used [0x0000000080000000,0x00000000878889d8,0x000000008c600000)
 Metaspace       used 117908K, capacity 124968K, committed 125376K, reserved 1159168K
  class space    used 15140K, capacity 16399K, committed 16616K, reserved 1048576K
GC Heap History (10 events):
Event: 3108.702 GC heap before
{Heap before GC invocations=29 (full 5):
 PSYoungGen      total 644096K, used 623109K [0x00000000d5580000, 0x0000000100000000, 0x0000000100000000)
  eden space 590848K, 100% used [0x00000000d5580000,0x00000000f9680000,0x00000000f9680000)
  from space 53248K, 60% used [0x00000000f9680000,0x00000000fb6014c8,0x00000000fca80000)
  to   space 54272K, 0% used [0x00000000fcb00000,0x00000000fcb00000,0x0000000100000000)
 ParOldGen       total 202752K, used 105761K [0x0000000080000000, 0x000000008c600000, 0x00000000d5580000)
  object space 202752K, 52% used [0x0000000080000000,0x00000000867487f8,0x000000008c600000)
 Metaspace       used 113804K, capacity 118900K, committed 119872K, reserved 1153024K
  class space    used 14630K, capacity 15579K, committed 15976K, reserved 1048576K
Event: 3110.020 GC heap after
Heap after GC invocations=29 (full 5):
 PSYoungGen      total 644608K, used 32138K [0x00000000d5580000, 0x0000000100000000, 0x0000000100000000)
  eden space 590336K, 0% used [0x00000000d5580000,0x00000000d5580000,0x00000000f9600000)
  from space 54272K, 59% used [0x00000000fcb00000,0x00000000fea62af8,0x0000000100000000)
  to   space 54272K, 0% used [0x00000000f9600000,0x00000000f9600000,0x00000000fcb00000)
 ParOldGen       total 202752K, used 105761K [0x0000000080000000, 0x000000008c600000, 0x00000000d5580000)
  object space 202752K, 52% used [0x0000000080000000,0x00000000867487f8,0x000000008c600000)
 Metaspace       used 113804K, capacity 118900K, committed 119872K, reserved 1153024K
  class space    used 14630K, capacity 15579K, committed 15976K, reserved 1048576K
}
Event: 3136.206 GC heap before
{Heap before GC invocations=30 (full 5):
 PSYoungGen      total 644608K, used 622474K [0x00000000d5580000, 0x0000000100000000, 0x0000000100000000)
  eden space 590336K, 100% used [0x00000000d5580000,0x00000000f9600000,0x00000000f9600000)
  from space 54272K, 59% used [0x00000000fcb00000,0x00000000fea62af8,0x0000000100000000)
  to   space 54272K, 0% used [0x00000000f9600000,0x00000000f9600000,0x00000000fcb00000)
 ParOldGen       total 202752K, used 105761K [0x0000000080000000, 0x000000008c600000, 0x00000000d5580000)
  object space 202752K, 52% used [0x0000000080000000,0x00000000867487f8,0x000000008c600000)
 Metaspace       used 113878K, capacity 118994K, committed 120128K, reserved 1153024K
  class space    used 14631K, capacity 15580K, committed 15976K, reserved 1048576K
Event: 3137.873 GC heap after
Heap after GC invocations=30 (full 5):
 PSYoungGen      total 629760K, used 39237K [0x00000000d5580000, 0x0000000100000000, 0x0000000100000000)
  eden space 590336K, 0% used [0x00000000d5580000,0x00000000d5580000,0x00000000f9600000)
  from space 39424K, 99% used [0x00000000f9600000,0x00000000fbc514c0,0x00000000fbc80000)
  to   space 57344K, 0% used [0x00000000fc800000,0x00000000fc800000,0x0000000100000000)
 ParOldGen       total 202752K, used 105769K [0x0000000080000000, 0x000000008c600000, 0x00000000d5580000)
  object space 202752K, 52% used [0x0000000080000000,0x000000008674a7f8,0x000000008c600000)
 Metaspace       used 113878K, capacity 118994K, committed 120128K, reserved 1153024K
  class space    used 14631K, capacity 15580K, committed 15976K, reserved 1048576K
}
Event: 3201.444 GC heap before
{Heap before GC invocations=31 (full 5):
 PSYoungGen      total 629760K, used 629573K [0x00000000d5580000, 0x0000000100000000, 0x0000000100000000)
  eden space 590336K, 100% used [0x00000000d5580000,0x00000000f9600000,0x00000000f9600000)
  from space 39424K, 99% used [0x00000000f9600000,0x00000000fbc514c0,0x00000000fbc80000)
  to   space 57344K, 0% used [0x00000000fc800000,0x00000000fc800000,0x0000000100000000)
 ParOldGen       total 202752K, used 105769K [0x0000000080000000, 0x000000008c600000, 0x00000000d5580000)
  object space 202752K, 52% used [0x0000000080000000,0x000000008674a7f8,0x000000008c600000)
 Metaspace       used 114743K, capacity 120120K, committed 121024K, reserved 1155072K
  class space    used 14708K, capacity 15753K, committed 16104K, reserved 1048576K
Event: 3201.673 GC heap after
Heap after GC invocations=31 (full 5):
 PSYoungGen      total 617984K, used 57336K [0x00000000d5580000, 0x0000000100000000, 0x0000000100000000)
  eden space 560640K, 0% used [0x00000000d5580000,0x00000000d5580000,0x00000000f7900000)
  from space 57344K, 99% used [0x00000000fc800000,0x00000000ffffe2c0,0x0000000100000000)
  to   space 69120K, 0% used [0x00000000f7900000,0x00000000f7900000,0x00000000fbc80000)
 ParOldGen       total 202752K, used 113666K [0x0000000080000000, 0x000000008c600000, 0x00000000d5580000)
  object space 202752K, 56% used [0x0000000080000000,0x0000000086f00a68,0x000000008c600000)
 Metaspace       used 114743K, capacity 120120K, committed 121024K, reserved 1155072K
  class space    used 14708K, capacity 15753K, committed 16104K, reserved 1048576K
}
Event: 4014.515 GC heap before
{Heap before GC invocations=32 (full 5):
 PSYoungGen      total 617984K, used 617976K [0x00000000d5580000, 0x0000000100000000, 0x0000000100000000)
  eden space 560640K, 100% used [0x00000000d5580000,0x00000000f7900000,0x00000000f7900000)
  from space 57344K, 99% used [0x00000000fc800000,0x00000000ffffe2c0,0x0000000100000000)
  to   space 69120K, 0% used [0x00000000f7900000,0x00000000f7900000,0x00000000fbc80000)
 ParOldGen       total 202752K, used 113666K [0x0000000080000000, 0x000000008c600000, 0x00000000d5580000)
  object space 202752K, 56% used [0x0000000080000000,0x0000000086f00a68,0x000000008c600000)
 Metaspace       used 116526K, capacity 122312K, committed 122688K, reserved 1155072K
  class space    used 14936K, capacity 16019K, committed 16232K, reserved 1048576K
Event: 4028.726 GC heap after
Heap after GC invocations=32 (full 5):
 PSYoungGen      total 629760K, used 13824K [0x00000000d5580000, 0x0000000100000000, 0x0000000100000000)
  eden space 560640K, 0% used [0x00000000d5580000,0x00000000d5580000,0x00000000f7900000)
  from space 69120K, 20% used [0x00000000f7900000,0x00000000f8680198,0x00000000fbc80000)
  to   space 67584K, 0% used [0x00000000fbe00000,0x00000000fbe00000,0x0000000100000000)
 ParOldGen       total 202752K, used 123418K [0x0000000080000000, 0x000000008c600000, 0x00000000d5580000)
  object space 202752K, 60% used [0x0000000080000000,0x00000000878869d8,0x000000008c600000)
 Metaspace       used 116526K, capacity 122312K, committed 122688K, reserved 1155072K
  class space    used 14936K, capacity 16019K, committed 16232K, reserved 1048576K
}
Event: 4261.802 GC heap before
{Heap before GC invocations=33 (full 5):
 PSYoungGen      total 629760K, used 574464K [0x00000000d5580000, 0x0000000100000000, 0x0000000100000000)
  eden space 560640K, 100% used [0x00000000d5580000,0x00000000f7900000,0x00000000f7900000)
  from space 69120K, 20% used [0x00000000f7900000,0x00000000f8680198,0x00000000fbc80000)
  to   space 67584K, 0% used [0x00000000fbe00000,0x00000000fbe00000,0x0000000100000000)
 ParOldGen       total 202752K, used 123418K [0x0000000080000000, 0x000000008c600000, 0x00000000d5580000)
  object space 202752K, 60% used [0x0000000080000000,0x00000000878869d8,0x000000008c600000)
 Metaspace       used 117214K, capacity 123554K, committed 123840K, reserved 1157120K
  class space    used 15018K, capacity 16198K, committed 16360K, reserved 1048576K
Event: 4273.837 GC heap after
Heap after GC invocations=33 (full 5):
 PSYoungGen      total 625152K, used 13985K [0x00000000d5580000, 0x00000000ffb80000, 0x0000000100000000)
  eden space 562176K, 0% used [0x00000000d5580000,0x00000000d5580000,0x00000000f7a80000)
  from space 62976K, 22% used [0x00000000fbe00000,0x00000000fcba8780,0x00000000ffb80000)
  to   space 66048K, 0% used [0x00000000f7a80000,0x00000000f7a80000,0x00000000fbb00000)
 ParOldGen       total 202752K, used 123426K [0x0000000080000000, 0x000000008c600000, 0x00000000d5580000)
  object space 202752K, 60% used [0x0000000080000000,0x00000000878889d8,0x000000008c600000)
 Metaspace       used 117214K, capacity 123554K, committed 123840K, reserved 1157120K
  class space    used 15018K, capacity 16198K, committed 16360K, reserved 1048576K
}

